<?xml version="1.0" encoding="UTF-8"?>
<testng-results skipped="0" failed="0" total="1" passed="1">
  <reporter-output>
  </reporter-output>
  <suite name="Blue Ocean" duration-ms="275123" started-at="2017-05-16T10:45:49Z" finished-at="2017-05-16T10:50:24Z">
    <groups>
    </groups>
    <test name="Blue Ocean" duration-ms="275123" started-at="2017-05-16T10:45:49Z" finished-at="2017-05-16T10:50:24Z">
      <class name="blueocean.sample.SearchBanInSD">
        <test-method status="PASS" signature="sdBanSearch()[pri:0, instance:blueocean.sample.SearchBanInSD@4c203ea1]" name="sdBanSearch" duration-ms="275111" started-at="2017-05-16T16:15:49Z" finished-at="2017-05-16T16:20:24Z">
          <reporter-output>
          </reporter-output>
        </test-method> <!-- sdBanSearch -->
      </class> <!-- blueocean.sample.SearchBanInSD -->
    </test> <!-- Blue Ocean -->
  </suite> <!-- Blue Ocean -->
</testng-results>
